<?xml version="1.0" encoding="UTF-8"?>
<!-- Generated by org.testng.reporters.JUnitXMLReporter -->
<testsuite ignored="0" hostname="rajz-Dell-System-Inspiron-N4110" failures="0" tests="5" name="Automation_Test" time="33.594" errors="0" timestamp="25 Aug 2021 05:32:00 GMT">
  <testcase classname="com.aequillibrium.tests.LoginTest" name="verifyUsernamePasswordLoginFields" time="1.267"/>
  <testcase classname="com.aequillibrium.tests.LoginTest" name="verifyIfLoginSuccesful" time="2.091"/>
  <testcase classname="com.aequillibrium.tests.LoginTest" name="verifyLoginErrorMessage" time="1.225"/>
  <testcase classname="com.aequillibrium.tests.LoginTest" name="verifyCloseSymbol" time="1.15"/>
  <testcase classname="com.aequillibrium.tests.LoginTest" name="verifyPasswordMasked" time="0.8"/>
</testsuite> <!-- Automation_Test -->
