<?xml version="1.0" encoding="UTF-8"?>
<testng-results ignored="0" total="5" passed="5" failed="0" skipped="0">
  <reporter-output>
    <line>
      <![CDATA[Login Succesful]]>
    </line>
  </reporter-output>
  <suite started-at="2021-08-25T05:31:26Z" name="SwagLabs Automation Suite" finished-at="2021-08-25T05:31:59Z" duration-ms="33594">
    <groups>
    </groups>
    <test started-at="2021-08-25T05:31:26Z" name="Automation_Test" finished-at="2021-08-25T05:31:59Z" duration-ms="33594">
      <class name="com.aequillibrium.tests.LoginTest">
        <test-method is-config="true" signature="initialization(java.lang.String)[pri:0, instance:com.aequillibrium.tests.LoginTest@4f67eb2a]" started-at="2021-08-25T05:31:26Z" name="initialization" finished-at="2021-08-25T05:31:52Z" duration-ms="26426" status="PASS">
          <params>
            <param index="0">
              <value>
                <![CDATA[Chrome]]>
              </value>
            </param>
          </params>
          <reporter-output>
          </reporter-output>
        </test-method> <!-- initialization -->
        <test-method signature="verifyUsernamePasswordLoginFields()[pri:0, instance:com.aequillibrium.tests.LoginTest@4f67eb2a]" started-at="2021-08-25T05:31:52Z" name="verifyUsernamePasswordLoginFields" finished-at="2021-08-25T05:31:54Z" duration-ms="1267" status="PASS">
          <reporter-output>
          </reporter-output>
        </test-method> <!-- verifyUsernamePasswordLoginFields -->
        <test-method is-config="true" signature="tearDown(org.testng.ITestResult)[pri:0, instance:com.aequillibrium.tests.LoginTest@4f67eb2a]" started-at="2021-08-25T05:31:54Z" name="tearDown" finished-at="2021-08-25T05:31:54Z" duration-ms="1" status="PASS">
          <params>
            <param index="0">
              <value>
                <![CDATA[[TestResult name=verifyUsernamePasswordLoginFields status=SUCCESS method=LoginTest.verifyUsernamePasswordLoginFields()[pri:0, instance:com.aequillibrium.tests.LoginTest@4f67eb2a] output={null}]]]>
              </value>
            </param>
          </params>
          <reporter-output>
          </reporter-output>
        </test-method> <!-- tearDown -->
        <test-method signature="verifyIfLoginSuccesful()[pri:1, instance:com.aequillibrium.tests.LoginTest@4f67eb2a]" started-at="2021-08-25T05:31:54Z" name="verifyIfLoginSuccesful" finished-at="2021-08-25T05:31:56Z" duration-ms="2091" status="PASS">
          <reporter-output>
            <line>
              <![CDATA[Login Succesful]]>
            </line>
          </reporter-output>
        </test-method> <!-- verifyIfLoginSuccesful -->
        <test-method is-config="true" signature="tearDown(org.testng.ITestResult)[pri:0, instance:com.aequillibrium.tests.LoginTest@4f67eb2a]" started-at="2021-08-25T05:31:56Z" name="tearDown" finished-at="2021-08-25T05:31:56Z" duration-ms="0" status="PASS">
          <params>
            <param index="0">
              <value>
                <![CDATA[[TestResult name=verifyIfLoginSuccesful status=SUCCESS method=LoginTest.verifyIfLoginSuccesful()[pri:1, instance:com.aequillibrium.tests.LoginTest@4f67eb2a] output=Login Succesful]]]>
              </value>
            </param>
          </params>
          <reporter-output>
          </reporter-output>
        </test-method> <!-- tearDown -->
        <test-method signature="verifyLoginErrorMessage()[pri:2, instance:com.aequillibrium.tests.LoginTest@4f67eb2a]" started-at="2021-08-25T05:31:56Z" name="verifyLoginErrorMessage" finished-at="2021-08-25T05:31:57Z" duration-ms="1225" status="PASS">
          <reporter-output>
          </reporter-output>
        </test-method> <!-- verifyLoginErrorMessage -->
        <test-method is-config="true" signature="tearDown(org.testng.ITestResult)[pri:0, instance:com.aequillibrium.tests.LoginTest@4f67eb2a]" started-at="2021-08-25T05:31:57Z" name="tearDown" finished-at="2021-08-25T05:31:57Z" duration-ms="1" status="PASS">
          <params>
            <param index="0">
              <value>
                <![CDATA[[TestResult name=verifyLoginErrorMessage status=SUCCESS method=LoginTest.verifyLoginErrorMessage()[pri:2, instance:com.aequillibrium.tests.LoginTest@4f67eb2a] output={null}]]]>
              </value>
            </param>
          </params>
          <reporter-output>
          </reporter-output>
        </test-method> <!-- tearDown -->
        <test-method signature="verifyCloseSymbol()[pri:3, instance:com.aequillibrium.tests.LoginTest@4f67eb2a]" started-at="2021-08-25T05:31:57Z" name="verifyCloseSymbol" finished-at="2021-08-25T05:31:58Z" duration-ms="1150" status="PASS">
          <reporter-output>
          </reporter-output>
        </test-method> <!-- verifyCloseSymbol -->
        <test-method signature="verifyPasswordMasked()[pri:4, instance:com.aequillibrium.tests.LoginTest@4f67eb2a]" started-at="2021-08-25T05:31:58Z" name="verifyPasswordMasked" finished-at="2021-08-25T05:31:59Z" duration-ms="800" status="PASS">
          <reporter-output>
          </reporter-output>
        </test-method> <!-- verifyPasswordMasked -->
        <test-method is-config="true" signature="tearDown(org.testng.ITestResult)[pri:0, instance:com.aequillibrium.tests.LoginTest@4f67eb2a]" started-at="2021-08-25T05:31:58Z" name="tearDown" finished-at="2021-08-25T05:31:58Z" duration-ms="0" status="PASS">
          <params>
            <param index="0">
              <value>
                <![CDATA[[TestResult name=verifyCloseSymbol status=SUCCESS method=LoginTest.verifyCloseSymbol()[pri:3, instance:com.aequillibrium.tests.LoginTest@4f67eb2a] output={null}]]]>
              </value>
            </param>
          </params>
          <reporter-output>
          </reporter-output>
        </test-method> <!-- tearDown -->
        <test-method is-config="true" signature="tearDown(org.testng.ITestResult)[pri:0, instance:com.aequillibrium.tests.LoginTest@4f67eb2a]" started-at="2021-08-25T05:31:59Z" name="tearDown" finished-at="2021-08-25T05:31:59Z" duration-ms="0" status="PASS">
          <params>
            <param index="0">
              <value>
                <![CDATA[[TestResult name=verifyPasswordMasked status=SUCCESS method=LoginTest.verifyPasswordMasked()[pri:4, instance:com.aequillibrium.tests.LoginTest@4f67eb2a] output={null}]]]>
              </value>
            </param>
          </params>
          <reporter-output>
          </reporter-output>
        </test-method> <!-- tearDown -->
        <test-method is-config="true" signature="quit()[pri:0, instance:com.aequillibrium.tests.LoginTest@4f67eb2a]" started-at="2021-08-25T05:31:59Z" name="quit" finished-at="2021-08-25T05:31:59Z" duration-ms="428" status="PASS">
          <reporter-output>
          </reporter-output>
        </test-method> <!-- quit -->
      </class> <!-- com.aequillibrium.tests.LoginTest -->
    </test> <!-- Automation_Test -->
  </suite> <!-- SwagLabs Automation Suite -->
</testng-results>
